0 info it worked if it ends with ok
1 verbose cli [ '/usr/local/bin/node',
1 verbose cli   '/usr/local/lib/node_modules/cnpm/node_modules/.bin/npm',
1 verbose cli   '--userconfig=/Users/apple/.cnpmrc',
1 verbose cli   '--disturl=https://npm.taobao.org/mirrors/node',
1 verbose cli   '--registry=http://172.24.242.18:7001',
1 verbose cli   'publish' ]
2 info using npm@3.10.6
3 info using node@v6.2.1
4 verbose publish [ '.' ]
5 silly cache add args [ '.', null ]
6 verbose cache add spec .
7 silly cache add parsed spec Result {
7 silly cache add   raw: '.',
7 silly cache add   scope: null,
7 silly cache add   escapedName: null,
7 silly cache add   name: null,
7 silly cache add   rawSpec: '.',
7 silly cache add   spec: '/Users/apple/Desktop/NewStart/CusNpm',
7 silly cache add   type: 'local' }
8 error addLocal Could not install /Users/apple/Desktop/NewStart/CusNpm
9 verbose stack Error: EISDIR: illegal operation on a directory, read
9 verbose stack     at Error (native)
10 verbose cwd /Users/apple/Desktop/NewStart/CusNpm
11 error Darwin 16.1.0
12 error argv "/usr/local/bin/node" "/usr/local/lib/node_modules/cnpm/node_modules/.bin/npm" "--userconfig=/Users/apple/.cnpmrc" "--disturl=https://npm.taobao.org/mirrors/node" "--registry=http://172.24.242.18:7001" "publish"
13 error node v6.2.1
14 error npm  v3.10.6
15 error code EISDIR
16 error errno -21
17 error syscall read
18 error eisdir EISDIR: illegal operation on a directory, read
19 error eisdir This is most likely not a problem with npm itself
19 error eisdir and is related to npm not being able to find a package.json in
19 error eisdir a package you are trying to install.
20 verbose exit [ -21, true ]
